Running: /opt/ise_design_suite/14.7/ISE_DS/ISE/bin/lin64/unwrapped/fuse -intstyle ise -incremental -o /home/nelarus-notebook/Documents/SD/trab1/display_driver_tb_isim_beh.exe -prj /home/nelarus-notebook/Documents/SD/trab1/display_driver_tb_beh.prj work.display_driver_tb 
ISim P.20131013 (signature 0xfbc00daa)
Number of CPUs detected in this system: 4
Turning on mult-threading, number of parallel sub-compilation jobs: 8 
Determining compilation order of HDL files
Parsing VHDL file "/home/nelarus-notebook/Documents/SD/trab1/display_driver.vhd" into library work
Parsing VHDL file "/home/nelarus-notebook/Documents/SD/trab1/display_driver_tb.vhd" into library work
Starting static elaboration
Completed static elaboration
Fuse Memory Usage: 86424 KB
Fuse CPU Usage: 1560 ms
Compiling package standard
Compiling package std_logic_1164
Compiling package std_logic_arith
Compiling package std_logic_unsigned
Compiling package numeric_std
Compiling architecture behavioral of entity display_driver [display_driver_default]
Compiling architecture behavior of entity display_driver_tb
Time Resolution for simulation is 1ps.
Waiting for 1 sub-compilation(s) to finish...
Compiled 8 VHDL Units
Built simulation executable /home/nelarus-notebook/Documents/SD/trab1/display_driver_tb_isim_beh.exe
Fuse Memory Usage: 662204 KB
Fuse CPU Usage: 1770 ms
GCC CPU Usage: 410 ms
