Release 14.7 - ngc2edif P.20131013 (nt64)
Copyright (c) 1995-2013 Xilinx, Inc.  All rights reserved.
Reading design subtract.ngc ...
WARNING:NetListWriters:298 - No output is written to subtract.xncf, ignored.
Processing design ...
   Preping design's networks ...
   Preping design's macros ...
  finished :Prep
Writing EDIF netlist file subtract.edif ...
ngc2edif: Total memory usage is 78076 kilobytes

Release 14.7 - ngc2edif P.20131013 (nt64)
Copyright (c) 1995-2013 Xilinx, Inc.  All rights reserved.
Reading design adder.ngc ...
WARNING:NetListWriters:298 - No output is written to adder.xncf, ignored.
Processing design ...
   Preping design's networks ...
   Preping design's macros ...
  finished :Prep
Writing EDIF netlist file adder.edif ...
ngc2edif: Total memory usage is 78204 kilobytes

Release 14.7 - ngc2edif P.20131013 (nt64)
Copyright (c) 1995-2013 Xilinx, Inc.  All rights reserved.
Reading design adder.ngc ...
WARNING:NetListWriters:298 - No output is written to adder.xncf, ignored.
Processing design ...
   Preping design's networks ...
   Preping design's macros ...
  finished :Prep
Writing EDIF netlist file adder.edif ...
ngc2edif: Total memory usage is 78204 kilobytes

Release 14.7 - ngc2edif P.20131013 (nt64)
Copyright (c) 1995-2013 Xilinx, Inc.  All rights reserved.
Reading design subtract.ngc ...
WARNING:NetListWriters:298 - No output is written to subtract.xncf, ignored.
Processing design ...
   Preping design's networks ...
   Preping design's macros ...
  finished :Prep
Writing EDIF netlist file subtract.edif ...
ngc2edif: Total memory usage is 77756 kilobytes

Release 14.7 - ngc2edif P.20131013 (nt64)
Copyright (c) 1995-2013 Xilinx, Inc.  All rights reserved.
Reading design adder.ngc ...
WARNING:NetListWriters:298 - No output is written to adder.xncf, ignored.
Processing design ...
   Preping design's networks ...
   Preping design's macros ...
  finished :Prep
Writing EDIF netlist file adder.edif ...
ngc2edif: Total memory usage is 77436 kilobytes

Release 14.7 - ngc2edif P.20131013 (nt64)
Copyright (c) 1995-2013 Xilinx, Inc.  All rights reserved.
Reading design subtract.ngc ...
WARNING:NetListWriters:298 - No output is written to subtract.xncf, ignored.
Processing design ...
   Preping design's networks ...
   Preping design's macros ...
  finished :Prep
Writing EDIF netlist file subtract.edif ...
ngc2edif: Total memory usage is 77820 kilobytes

Release 14.7 - ngc2edif P.20131013 (nt64)
Copyright (c) 1995-2013 Xilinx, Inc.  All rights reserved.
Reading design adder.ngc ...
WARNING:NetListWriters:298 - No output is written to adder.xncf, ignored.
Processing design ...
   Preping design's networks ...
   Preping design's macros ...
  finished :Prep
Writing EDIF netlist file adder.edif ...
ngc2edif: Total memory usage is 77372 kilobytes

Release 14.7 - ngc2edif P.20131013 (nt64)
Copyright (c) 1995-2013 Xilinx, Inc.  All rights reserved.
Reading design subtract.ngc ...
WARNING:NetListWriters:298 - No output is written to subtract.xncf, ignored.
Processing design ...
   Preping design's networks ...
   Preping design's macros ...
  finished :Prep
Writing EDIF netlist file subtract.edif ...
ngc2edif: Total memory usage is 77692 kilobytes

